Conda uses environments to load different sets of Python packages
type conda env list to see the environments availible.


CondaValueError: Value error: prefix already exists: /home/lit18my/.conda/envs/tensorflow


Requirement already satisfied: tensorflow in ./.conda/envs/tensorflow/lib/python3.6/site-packages
Requirement already satisfied: keras-preprocessing>=1.0.5 in ./.conda/envs/tensorflow/lib/python3.6/site-packages (from tensorflow)
Requirement already satisfied: protobuf>=3.6.1 in ./.conda/envs/tensorflow/lib/python3.6/site-packages (from tensorflow)
Requirement already satisfied: keras-applications>=1.0.6 in ./.conda/envs/tensorflow/lib/python3.6/site-packages (from tensorflow)
Requirement already satisfied: wrapt>=1.11.1 in ./.conda/envs/tensorflow/lib/python3.6/site-packages (from tensorflow)
Requirement already satisfied: six>=1.10.0 in ./.conda/envs/tensorflow/lib/python3.6/site-packages (from tensorflow)
Requirement already satisfied: numpy<2.0,>=1.14.5 in ./.conda/envs/tensorflow/lib/python3.6/site-packages (from tensorflow)
Requirement already satisfied: wheel>=0.26 in ./.conda/envs/tensorflow/lib/python3.6/site-packages (from tensorflow)
Requirement already satisfied: grpcio>=1.8.6 in ./.conda/envs/tensorflow/lib/python3.6/site-packages (from tensorflow)
Requirement already satisfied: google-pasta>=0.1.6 in ./.conda/envs/tensorflow/lib/python3.6/site-packages (from tensorflow)
Requirement already satisfied: astor>=0.6.0 in ./.conda/envs/tensorflow/lib/python3.6/site-packages (from tensorflow)
Requirement already satisfied: tensorboard<1.15.0,>=1.14.0 in ./.conda/envs/tensorflow/lib/python3.6/site-packages (from tensorflow)
Requirement already satisfied: tensorflow-estimator<1.15.0rc0,>=1.14.0rc0 in ./.conda/envs/tensorflow/lib/python3.6/site-packages (from tensorflow)
Requirement already satisfied: absl-py>=0.7.0 in ./.conda/envs/tensorflow/lib/python3.6/site-packages (from tensorflow)
Requirement already satisfied: gast>=0.2.0 in ./.conda/envs/tensorflow/lib/python3.6/site-packages (from tensorflow)
Requirement already satisfied: termcolor>=1.1.0 in ./.conda/envs/tensorflow/lib/python3.6/site-packages (from tensorflow)
Requirement already satisfied: setuptools in ./.conda/envs/tensorflow/lib/python3.6/site-packages (from protobuf>=3.6.1->tensorflow)
Requirement already satisfied: h5py in ./.conda/envs/tensorflow/lib/python3.6/site-packages (from keras-applications>=1.0.6->tensorflow)
Requirement already satisfied: markdown>=2.6.8 in ./.conda/envs/tensorflow/lib/python3.6/site-packages (from tensorboard<1.15.0,>=1.14.0->tensorflow)
Requirement already satisfied: werkzeug>=0.11.15 in ./.conda/envs/tensorflow/lib/python3.6/site-packages (from tensorboard<1.15.0,>=1.14.0->tensorflow)
Requirement already satisfied: importlib-metadata; python_version < "3.8" in ./.conda/envs/tensorflow/lib/python3.6/site-packages (from markdown>=2.6.8->tensorboard<1.15.0,>=1.14.0->tensorflow)
Requirement already satisfied: zipp>=0.5 in ./.conda/envs/tensorflow/lib/python3.6/site-packages (from importlib-metadata; python_version < "3.8"->markdown>=2.6.8->tensorboard<1.15.0,>=1.14.0->tensorflow)
You are using pip version 9.0.1, however version 20.1.1 is available.
You should consider upgrading via the 'pip install --upgrade pip' command.
Collecting scikit-learn
  Downloading https://files.pythonhosted.org/packages/d9/3a/eb8d7bbe28f4787d140bb9df685b7d5bf6115c0e2a969def4027144e98b6/scikit_learn-0.23.1-cp36-cp36m-manylinux1_x86_64.whl (6.8MB)
Requirement already satisfied: numpy>=1.13.3 in ./.conda/envs/tensorflow/lib/python3.6/site-packages (from scikit-learn)
Collecting threadpoolctl>=2.0.0 (from scikit-learn)
  Downloading https://files.pythonhosted.org/packages/f7/12/ec3f2e203afa394a149911729357aa48affc59c20e2c1c8297a60f33f133/threadpoolctl-2.1.0-py3-none-any.whl
Collecting scipy>=0.19.1 (from scikit-learn)
  Downloading https://files.pythonhosted.org/packages/dc/29/162476fd44203116e7980cfbd9352eef9db37c49445d1fec35509022f6aa/scipy-1.4.1-cp36-cp36m-manylinux1_x86_64.whl (26.1MB)
Collecting joblib>=0.11 (from scikit-learn)
  Downloading https://files.pythonhosted.org/packages/b8/a6/d1a816b89aa1e9e96bcb298eb1ee1854f21662ebc6d55ffa3d7b3b50122b/joblib-0.15.1-py3-none-any.whl (298kB)
Installing collected packages: threadpoolctl, scipy, joblib, scikit-learn
Successfully installed joblib-0.15.1 scikit-learn-0.23.1 scipy-1.4.1 threadpoolctl-2.1.0
You are using pip version 9.0.1, however version 20.1.1 is available.
You should consider upgrading via the 'pip install --upgrade pip' command.
reading item index to entity id file: ../data/movie/item_index2entity_id.txt ...
reading rating file ...
converting rating file ...
number of users: 138159
number of items: 16954
converting kg file ...
number of entities (containing items): 102569
number of relations: 32
done
/home/lit18my/.conda/envs/tensorflow/lib/python3.6/site-packages/tensorflow/python/framework/dtypes.py:516: FutureWarning: Passing (type, 1) or '1type' as a synonym of type is deprecated; in a future version of numpy, it will be understood as (type, (1,)) / '(1,)type'.
  _np_qint8 = np.dtype([("qint8", np.int8, 1)])
/home/lit18my/.conda/envs/tensorflow/lib/python3.6/site-packages/tensorflow/python/framework/dtypes.py:517: FutureWarning: Passing (type, 1) or '1type' as a synonym of type is deprecated; in a future version of numpy, it will be understood as (type, (1,)) / '(1,)type'.
  _np_quint8 = np.dtype([("quint8", np.uint8, 1)])
/home/lit18my/.conda/envs/tensorflow/lib/python3.6/site-packages/tensorflow/python/framework/dtypes.py:518: FutureWarning: Passing (type, 1) or '1type' as a synonym of type is deprecated; in a future version of numpy, it will be understood as (type, (1,)) / '(1,)type'.
  _np_qint16 = np.dtype([("qint16", np.int16, 1)])
/home/lit18my/.conda/envs/tensorflow/lib/python3.6/site-packages/tensorflow/python/framework/dtypes.py:519: FutureWarning: Passing (type, 1) or '1type' as a synonym of type is deprecated; in a future version of numpy, it will be understood as (type, (1,)) / '(1,)type'.
  _np_quint16 = np.dtype([("quint16", np.uint16, 1)])
/home/lit18my/.conda/envs/tensorflow/lib/python3.6/site-packages/tensorflow/python/framework/dtypes.py:520: FutureWarning: Passing (type, 1) or '1type' as a synonym of type is deprecated; in a future version of numpy, it will be understood as (type, (1,)) / '(1,)type'.
  _np_qint32 = np.dtype([("qint32", np.int32, 1)])
/home/lit18my/.conda/envs/tensorflow/lib/python3.6/site-packages/tensorflow/python/framework/dtypes.py:525: FutureWarning: Passing (type, 1) or '1type' as a synonym of type is deprecated; in a future version of numpy, it will be understood as (type, (1,)) / '(1,)type'.
  np_resource = np.dtype([("resource", np.ubyte, 1)])
/home/lit18my/.conda/envs/tensorflow/lib/python3.6/site-packages/tensorboard/compat/tensorflow_stub/dtypes.py:541: FutureWarning: Passing (type, 1) or '1type' as a synonym of type is deprecated; in a future version of numpy, it will be understood as (type, (1,)) / '(1,)type'.
  _np_qint8 = np.dtype([("qint8", np.int8, 1)])
/home/lit18my/.conda/envs/tensorflow/lib/python3.6/site-packages/tensorboard/compat/tensorflow_stub/dtypes.py:542: FutureWarning: Passing (type, 1) or '1type' as a synonym of type is deprecated; in a future version of numpy, it will be understood as (type, (1,)) / '(1,)type'.
  _np_quint8 = np.dtype([("quint8", np.uint8, 1)])
/home/lit18my/.conda/envs/tensorflow/lib/python3.6/site-packages/tensorboard/compat/tensorflow_stub/dtypes.py:543: FutureWarning: Passing (type, 1) or '1type' as a synonym of type is deprecated; in a future version of numpy, it will be understood as (type, (1,)) / '(1,)type'.
  _np_qint16 = np.dtype([("qint16", np.int16, 1)])
/home/lit18my/.conda/envs/tensorflow/lib/python3.6/site-packages/tensorboard/compat/tensorflow_stub/dtypes.py:544: FutureWarning: Passing (type, 1) or '1type' as a synonym of type is deprecated; in a future version of numpy, it will be understood as (type, (1,)) / '(1,)type'.
  _np_quint16 = np.dtype([("quint16", np.uint16, 1)])
/home/lit18my/.conda/envs/tensorflow/lib/python3.6/site-packages/tensorboard/compat/tensorflow_stub/dtypes.py:545: FutureWarning: Passing (type, 1) or '1type' as a synonym of type is deprecated; in a future version of numpy, it will be understood as (type, (1,)) / '(1,)type'.
  _np_qint32 = np.dtype([("qint32", np.int32, 1)])
/home/lit18my/.conda/envs/tensorflow/lib/python3.6/site-packages/tensorboard/compat/tensorflow_stub/dtypes.py:550: FutureWarning: Passing (type, 1) or '1type' as a synonym of type is deprecated; in a future version of numpy, it will be understood as (type, (1,)) / '(1,)type'.
  np_resource = np.dtype([("resource", np.ubyte, 1)])
WARNING:tensorflow:From /home/lit18my/.conda/envs/tensorflow/lib/python3.6/site-packages/tensorflow/python/compat/v2_compat.py:61: disable_resource_variables (from tensorflow.python.ops.variable_scope) is deprecated and will be removed in a future version.
Instructions for updating:
non-resource variables are not supported in the long term
WARNING:tensorflow:From /home/lit18my/.conda/envs/tensorflow/lib/python3.6/site-packages/tensorflow/python/ops/init_ops.py:1251: calling VarianceScaling.__init__ (from tensorflow.python.ops.init_ops) with dtype is deprecated and will be removed in a future version.
Instructions for updating:
Call initializer instance with the dtype argument instead of passing it to the constructor
WARNING:tensorflow:From /home/lit18my/.conda/envs/tensorflow/lib/python3.6/site-packages/tensorflow/python/ops/nn_impl.py:180: add_dispatch_support.<locals>.wrapper (from tensorflow.python.ops.array_ops) is deprecated and will be removed in a future version.
Instructions for updating:
Use tf.where in 2.0, which has the same broadcast rule as np.where
2020-06-01 14:44:00.873357: I tensorflow/core/platform/cpu_feature_guard.cc:142] Your CPU supports instructions that this TensorFlow binary was not compiled to use: AVX2 FMA
2020-06-01 14:44:00.905587: I tensorflow/core/platform/profile_utils/cpu_utils.cc:94] CPU Frequency: 2394510000 Hz
2020-06-01 14:44:00.905765: I tensorflow/compiler/xla/service/service.cc:168] XLA service 0x609cde0 executing computations on platform Host. Devices:
2020-06-01 14:44:00.905788: I tensorflow/compiler/xla/service/service.cc:175]   StreamExecutor device (0): <undefined>, <undefined>
2020-06-01 14:44:01.263637: W tensorflow/compiler/jit/mark_for_compilation_pass.cc:1412] (One-time warning): Not using XLA:CPU for cluster because envvar TF_XLA_FLAGS=--tf_xla_cpu_global_jit was not set.  If you want XLA:CPU, either set that envvar, or use experimental_jit_scope to enable XLA:CPU.  To confirm that XLA is active, pass --vmodule=xla_compilation_cache=1 (as a proper command-line flag, not via TF_XLA_FLAGS) or set the envvar XLA_FLAGS=--xla_hlo_profile.
reading rating file ...
splitting dataset ...
reading KG file ...
constructing knowledge graph ...
constructing adjacency matrix ...
data loaded.
epoch 0    train auc: 0.9725  f1: 0.9192    eval auc: 0.9680  f1: 0.9140    test auc: 0.9682  f1: 0.9142
epoch 1    train auc: 0.9795  f1: 0.9304    eval auc: 0.9712  f1: 0.9192    test auc: 0.9714  f1: 0.9197
epoch 2    train auc: 0.9862  f1: 0.9443    eval auc: 0.9746  f1: 0.9255    test auc: 0.9746  f1: 0.9258
epoch 3    train auc: 0.9906  f1: 0.9557    eval auc: 0.9763  f1: 0.9288    test auc: 0.9763  f1: 0.9294
epoch 4    train auc: 0.9931  f1: 0.9625    eval auc: 0.9762  f1: 0.9294    test auc: 0.9762  f1: 0.9297
epoch 5    train auc: 0.9945  f1: 0.9672    eval auc: 0.9758  f1: 0.9292    test auc: 0.9758  f1: 0.9294
epoch 6    train auc: 0.9955  f1: 0.9707    eval auc: 0.9752  f1: 0.9285    test auc: 0.9753  f1: 0.9288
epoch 7    train auc: 0.9961  f1: 0.9731    eval auc: 0.9749  f1: 0.9278    test auc: 0.9750  f1: 0.9283
epoch 8    train auc: 0.9964  f1: 0.9747    eval auc: 0.9747  f1: 0.9278    test auc: 0.9747  f1: 0.9283
epoch 9    train auc: 0.9967  f1: 0.9762    eval auc: 0.9743  f1: 0.9271    test auc: 0.9744  f1: 0.9273
